<?xml version="1.0" encoding="UTF-8"?>
<!-- Generated by org.testng.reporters.JUnitReportReporter -->
<testsuite hostname="MUM-LAP-409" failures="0" tests="1" name="com.sharepoint.qa.runner.MyTestNgRunnerTest" time="38.388" errors="0" timestamp="05 Nov 2019 10:50:30 GMT" skipped="0">
  <testcase classname="com.sharepoint.qa.runner.MyTestNgRunnerTest" name="runScenario" time="38.388"/>
</testsuite> <!-- com.sharepoint.qa.runner.MyTestNgRunnerTest -->
